<?xml version="1.0" encoding="UTF-8"?>
<testsuite name="HapyPath" tests="1" skipped="1" failures="0" errors="0" timestamp="2020-05-24T13:17:47" hostname="MacBook-Pro-de-Lucas.local" time="93.347">
  <properties/>
  <testcase name="fetchToken" classname="HapyPath" time="93.347">
    <skipped/>
  </testcase>
  <system-out><![CDATA[]]></system-out>
  <system-err><![CDATA[]]></system-err>
</testsuite>
